This is XeTeX, Version 3.141592653-2.6-0.999993 (TeX Live 2021/W32TeX) (preloaded format=xelatex 2021.8.12)  17 OCT 2021 17:20
entering extended mode
 \write18 enabled.
 file:line:error style messages enabled.
 %&-line parsing enabled.
**CheatSheet
(./CheatSheet.tex
LaTeX2e <2020-10-01> patch level 4
L3 programming layer <2021-02-18> (d:/texlive/2021/texmf-dist/tex/latex/base/article.cls
Document Class: article 2020/04/10 v1.4m Standard LaTeX document class
(d:/texlive/2021/texmf-dist/tex/latex/base/size10.clo
File: size10.clo 2020/04/10 v1.4m Standard LaTeX file (size option)
)
\c@part=\count175
\c@section=\count176
\c@subsection=\count177
\c@subsubsection=\count178
\c@paragraph=\count179
\c@subparagraph=\count180
\c@figure=\count181
\c@table=\count182
\abovecaptionskip=\skip47
\belowcaptionskip=\skip48
\bibindent=\dimen138
) (./CheatSheet.sty (d:/texlive/2021/texmf-dist/tex/xelatex/xecjk/xeCJK.sty (d:/texlive/2021/texmf-dist/tex/latex/l3kernel/expl3.sty
Package: expl3 2021-02-18 L3 programming layer (loader) 
 (d:/texlive/2021/texmf-dist/tex/latex/l3backend/l3backend-xetex.def
File: l3backend-xetex.def 2021-03-18 L3 backend support: XeTeX
 (|extractbb --version)
\c__kernel_sys_dvipdfmx_version_int=\count183
\l__color_backend_stack_int=\count184
\g__color_backend_stack_int=\count185
\g__graphics_track_int=\count186
\l__pdf_internal_box=\box47
\g__pdf_backend_object_int=\count187
\g__pdf_backend_annotation_int=\count188
\g__pdf_backend_link_int=\count189
))
Package: xeCJK 2020/10/19 v3.8.6 Typesetting CJK scripts with XeLaTeX
 (d:/texlive/2021/texmf-dist/tex/latex/l3packages/l3keys2e/l3keys2e.sty
Package: l3keys2e 2021-03-12 LaTeX2e option processing using LaTeX3 keys
) (d:/texlive/2021/texmf-dist/tex/latex/l3packages/xtemplate/xtemplate.sty
Package: xtemplate 2021-03-12 L3 Experimental prototype document functions
\l__xtemplate_tmp_dim=\dimen139
\l__xtemplate_tmp_int=\count190
\l__xtemplate_tmp_muskip=\muskip16
\l__xtemplate_tmp_skip=\skip49
) (d:/texlive/2021/texmf-dist/tex/latex/l3packages/xparse/xparse.sty (d:/texlive/2021/texmf-dist/tex/latex/l3packages/xparse/xparse-2020-10-01.sty (d:/texlive/2021/texmf-dist/tex/latex/l3packages/xparse/xparse-generic.tex)))
\l__xeCJK_tmp_int=\count191
\l__xeCJK_tmp_box=\box48
\l__xeCJK_tmp_dim=\dimen140
\l__xeCJK_tmp_skip=\skip50
 (d:/texlive/2021/texmf-dist/tex/latex/ctex/ctexhook.sty
Package: ctexhook 2021/03/14 v2.5.6 Document and package hooks (CTEX)
)
\g__xeCJK_space_factor_int=\count192
\l__xeCJK_begin_int=\count193
\l__xeCJK_end_int=\count194
\c__xeCJK_CJK_class_int=\XeTeXcharclass1
\c__xeCJK_FullLeft_class_int=\XeTeXcharclass2
\c__xeCJK_FullRight_class_int=\XeTeXcharclass3
\c__xeCJK_HalfLeft_class_int=\XeTeXcharclass4
\c__xeCJK_HalfRight_class_int=\XeTeXcharclass5
\c__xeCJK_NormalSpace_class_int=\XeTeXcharclass6
\c__xeCJK_CM_class_int=\XeTeXcharclass7
\c__xeCJK_HangulJamo_class_int=\XeTeXcharclass8
\l__xeCJK_last_skip=\skip51
\g__xeCJK_node_int=\count195
\c__xeCJK_CJK_node_dim=\dimen141
\c__xeCJK_CJK-space_node_dim=\dimen142
\c__xeCJK_default_node_dim=\dimen143
\c__xeCJK_default-space_node_dim=\dimen144
\c__xeCJK_CJK-widow_node_dim=\dimen145
\c__xeCJK_normalspace_node_dim=\dimen146
\l__xeCJK_ccglue_skip=\skip52
\l__xeCJK_ecglue_skip=\skip53
\l__xeCJK_punct_kern_skip=\skip54
\l__xeCJK_last_penalty_int=\count196
\l__xeCJK_last_bound_dim=\dimen147
\l__xeCJK_last_kern_dim=\dimen148
\l__xeCJK_widow_penalty_int=\count197

Package xtemplate Info: Declaring object type 'xeCJK/punctuation' taking 0
(xtemplate)             argument(s) on line 2341.

\l__xeCJK_fixed_punct_width_dim=\dimen149
\l__xeCJK_mixed_punct_width_dim=\dimen150
\l__xeCJK_middle_punct_width_dim=\dimen151
\l__xeCJK_fixed_margin_width_dim=\dimen152
\l__xeCJK_mixed_margin_width_dim=\dimen153
\l__xeCJK_middle_margin_width_dim=\dimen154
\l__xeCJK_bound_punct_width_dim=\dimen155
\l__xeCJK_bound_margin_width_dim=\dimen156
\l__xeCJK_margin_minimum_dim=\dimen157
\l__xeCJK_kerning_total_width_dim=\dimen158
\l__xeCJK_same_align_margin_dim=\dimen159
\l__xeCJK_different_align_margin_dim=\dimen160
\l__xeCJK_kerning_margin_width_dim=\dimen161
\l__xeCJK_kerning_margin_minimum_dim=\dimen162
\l__xeCJK_bound_dim=\dimen163
\l__xeCJK_reverse_bound_dim=\dimen164
\l__xeCJK_margin_dim=\dimen165
\l__xeCJK_minimum_bound_dim=\dimen166
\l__xeCJK_kerning_margin_dim=\dimen167
\g__xeCJK_family_int=\count198
\l__xeCJK_fam_int=\count199
\g__xeCJK_fam_allocation_int=\count266
\l__xeCJK_verb_case_int=\count267
\l__xeCJK_verb_exspace_skip=\skip55
 (d:/texlive/2021/texmf-dist/tex/latex/fontspec/fontspec.sty
Package: fontspec 2020/02/21 v2.7i Font selection for XeLaTeX and LuaLaTeX
 (d:/texlive/2021/texmf-dist/tex/latex/fontspec/fontspec-xetex.sty
Package: fontspec-xetex 2020/02/21 v2.7i Font selection for XeLaTeX and LuaLaTeX
\l__fontspec_script_int=\count268
\l__fontspec_language_int=\count269
\l__fontspec_strnum_int=\count270
\l__fontspec_tmp_int=\count271
\l__fontspec_tmpa_int=\count272
\l__fontspec_tmpb_int=\count273
\l__fontspec_tmpc_int=\count274
\l__fontspec_em_int=\count275
\l__fontspec_emdef_int=\count276
\l__fontspec_strong_int=\count277
\l__fontspec_strongdef_int=\count278
\l__fontspec_tmpa_dim=\dimen168
\l__fontspec_tmpb_dim=\dimen169
\l__fontspec_tmpc_dim=\dimen170
 (d:/texlive/2021/texmf-dist/tex/latex/base/fontenc.sty
Package: fontenc 2020/08/10 v2.0s Standard LaTeX package
) (d:/texlive/2021/texmf-dist/tex/latex/fontspec/fontspec.cfg))) (d:/texlive/2021/texmf-dist/tex/xelatex/xecjk/xeCJK.cfg
File: xeCJK.cfg 2020/10/19 v3.8.6 Configuration file for xeCJK package
))

Package fontspec Info: Could not resolve font "AdobeFangsongStd-Regular/B" (it
(fontspec)             probably doesn't exist).


Package fontspec Info: Could not resolve font "STSongti-SC-Black/I" (it
(fontspec)             probably doesn't exist).


Package fontspec Info: Could not resolve font "AdobeSongStd-Light/BI" (it
(fontspec)             probably doesn't exist).


Package fontspec Info: Font family 'AdobeSongStd-Light(0)' created for font
(fontspec)             'AdobeSongStd-Light' with options
(fontspec)             [Script={CJK},BoldFont={STSongti-SC-Black},ItalicFont={AdobeFangsongStd-Regular}].
(fontspec)              
(fontspec)              This font family consists of the following NFSS
(fontspec)             series/shapes:
(fontspec)              
(fontspec)             - 'normal' (m/n) with NFSS spec.:
(fontspec)             <->"AdobeSongStd-Light/OT:script=hani;language=dflt;"
(fontspec)             - 'small caps'  (m/sc) with NFSS spec.: 
(fontspec)             - 'bold' (b/n) with NFSS spec.:
(fontspec)             <->"STSongti-SC-Black/OT:script=hani;language=dflt;"
(fontspec)             - 'bold small caps'  (b/sc) with NFSS spec.: 
(fontspec)             - 'italic' (m/it) with NFSS spec.:
(fontspec)             <->"AdobeFangsongStd-Regular/OT:script=hani;language=dflt;"
(fontspec)             - 'italic small caps'  (m/scit) with NFSS spec.: 

 (d:/texlive/2021/texmf-dist/tex/latex/amsmath/amsmath.sty
Package: amsmath 2020/09/23 v2.17i AMS math features
\@mathmargin=\skip56

For additional information on amsmath, use the `?' option.
(d:/texlive/2021/texmf-dist/tex/latex/amsmath/amstext.sty
Package: amstext 2000/06/29 v2.01 AMS text
 (d:/texlive/2021/texmf-dist/tex/latex/amsmath/amsgen.sty
File: amsgen.sty 1999/11/30 v2.0 generic functions
\@emptytoks=\toks15
\ex@=\dimen171
)) (d:/texlive/2021/texmf-dist/tex/latex/amsmath/amsbsy.sty
Package: amsbsy 1999/11/29 v1.2d Bold Symbols
\pmbraise@=\dimen172
) (d:/texlive/2021/texmf-dist/tex/latex/amsmath/amsopn.sty
Package: amsopn 2016/03/08 v2.02 operator names
)
\inf@bad=\count279
LaTeX Info: Redefining \frac on input line 234.
\uproot@=\count280
\leftroot@=\count281
LaTeX Info: Redefining \overline on input line 399.
\classnum@=\count282
\DOTSCASE@=\count283
LaTeX Info: Redefining \ldots on input line 496.
LaTeX Info: Redefining \dots on input line 499.
LaTeX Info: Redefining \cdots on input line 620.
\Mathstrutbox@=\box49
\strutbox@=\box50
\big@size=\dimen173
LaTeX Font Info:    Redeclaring font encoding OML on input line 743.
LaTeX Font Info:    Redeclaring font encoding OMS on input line 744.
\macc@depth=\count284
\c@MaxMatrixCols=\count285
\dotsspace@=\muskip17
\c@parentequation=\count286
\dspbrk@lvl=\count287
\tag@help=\toks16
\row@=\count288
\column@=\count289
\maxfields@=\count290
\andhelp@=\toks17
\eqnshift@=\dimen174
\alignsep@=\dimen175
\tagshift@=\dimen176
\tagwidth@=\dimen177
\totwidth@=\dimen178
\lineht@=\dimen179
\@envbody=\toks18
\multlinegap=\skip57
\multlinetaggap=\skip58
\mathdisplay@stack=\toks19
LaTeX Info: Redefining \[ on input line 2923.
LaTeX Info: Redefining \] on input line 2924.
) (d:/texlive/2021/texmf-dist/tex/latex/amscls/amsthm.sty
Package: amsthm 2020/05/29 v2.20.6
\thm@style=\toks20
\thm@bodyfont=\toks21
\thm@headfont=\toks22
\thm@notefont=\toks23
\thm@headpunct=\toks24
\thm@preskip=\skip59
\thm@postskip=\skip60
\thm@headsep=\skip61
\dth@everypar=\toks25
) (d:/texlive/2021/texmf-dist/tex/latex/shorttoc/shorttoc.sty
Package: shorttoc 2002/08/20 v1.3 Short table of contents (JPFD)
) (d:/texlive/2021/texmf-dist/tex/latex/minted/minted.sty
Package: minted 2017/07/19 v2.5 Yet another Pygments shim for LaTeX
 (d:/texlive/2021/texmf-dist/tex/latex/graphics/keyval.sty
Package: keyval 2014/10/28 v1.15 key=value parser (DPC)
\KV@toks@=\toks26
) (d:/texlive/2021/texmf-dist/tex/latex/kvoptions/kvoptions.sty
Package: kvoptions 2020-10-07 v3.14 Key value format for package options (HO)
 (d:/texlive/2021/texmf-dist/tex/generic/ltxcmds/ltxcmds.sty
Package: ltxcmds 2020-05-10 v1.25 LaTeX kernel commands for general use (HO)
) (d:/texlive/2021/texmf-dist/tex/generic/kvsetkeys/kvsetkeys.sty
Package: kvsetkeys 2019/12/15 v1.18 Key value parser (HO)
)) (d:/texlive/2021/texmf-dist/tex/latex/fvextra/fvextra.sty
Package: fvextra 2019/02/04 v1.4 fvextra - extensions and patches for fancyvrb
 (d:/texlive/2021/texmf-dist/tex/latex/base/ifthen.sty
Package: ifthen 2014/09/29 v1.1c Standard LaTeX ifthen package (DPC)
) (d:/texlive/2021/texmf-dist/tex/latex/etoolbox/etoolbox.sty
Package: etoolbox 2020/10/05 v2.5k e-TeX tools for LaTeX (JAW)
\etb@tempcnta=\count291
) (d:/texlive/2021/texmf-dist/tex/latex/fancyvrb/fancyvrb.sty
Package: fancyvrb 2021/01/20 v3.7 verbatim text (tvz,hv)
\FV@CodeLineNo=\count292
\FV@InFile=\read2
\FV@TabBox=\box51
\c@FancyVerbLine=\count293
\FV@StepNumber=\count294
\FV@OutFile=\write3
) (d:/texlive/2021/texmf-dist/tex/latex/upquote/upquote.sty
Package: upquote 2012/04/19 v1.3 upright-quote and grave-accent glyphs in verbatim
 (d:/texlive/2021/texmf-dist/tex/latex/base/textcomp.sty
Package: textcomp 2020/02/02 v2.0n Standard LaTeX package
)) (d:/texlive/2021/texmf-dist/tex/latex/lineno/lineno.sty
Package: lineno 2005/11/02 line numbers on paragraphs v4.41
Invalid UTF-8 byte or sequence at line 296 replaced by U+FFFD.
\linenopenalty=\count295
\output=\toks27
\linenoprevgraf=\count296
\linenumbersep=\dimen180
\linenumberwidth=\dimen181
\c@linenumber=\count297
\c@pagewiselinenumber=\count298
\c@LN@truepage=\count299
\c@internallinenumber=\count300
\c@internallinenumbers=\count301
\quotelinenumbersep=\dimen182
\bframerule=\dimen183
\bframesep=\dimen184
\bframebox=\box52
LaTeX Info: Redefining \\ on input line 3056.
)
\c@FV@TrueTabGroupLevel=\count302
\c@FV@TrueTabCounter=\count303
\FV@TabBox@Group=\box53
\FV@TmpLength=\skip62
\c@FV@HighlightLinesStart=\count304
\c@FV@HighlightLinesStop=\count305
\FV@LoopCount=\count306
\FV@NCharsBox=\box54
\FV@BreakIndent=\dimen185
\FV@BreakIndentNChars=\count307
\FV@BreakSymbolSepLeft=\dimen186
\FV@BreakSymbolSepLeftNChars=\count308
\FV@BreakSymbolSepRight=\dimen187
\FV@BreakSymbolSepRightNChars=\count309
\FV@BreakSymbolIndentLeft=\dimen188
\FV@BreakSymbolIndentLeftNChars=\count310
\FV@BreakSymbolIndentRight=\dimen189
\FV@BreakSymbolIndentRightNChars=\count311
\c@FancyVerbLineBreakLast=\count312
\FV@LineBox=\box55
\FV@LineIndentBox=\box56
\FV@LineWidth=\dimen190
) (d:/texlive/2021/texmf-dist/tex/latex/tools/calc.sty
Package: calc 2017/05/25 v4.3 Infix arithmetic (KKT,FJ)
\calc@Acount=\count313
\calc@Bcount=\count314
\calc@Adimen=\dimen191
\calc@Bdimen=\dimen192
\calc@Askip=\skip63
\calc@Bskip=\skip64
LaTeX Info: Redefining \setlength on input line 80.
LaTeX Info: Redefining \addtolength on input line 81.
\calc@Ccount=\count315
\calc@Cskip=\skip65
) (d:/texlive/2021/texmf-dist/tex/latex/tools/shellesc.sty
Package: shellesc 2019/11/08 v1.0c unified shell escape interface for LaTeX
Package shellesc Info: Unrestricted shell escape enabled on input line 75.
) (d:/texlive/2021/texmf-dist/tex/latex/ifplatform/ifplatform.sty
Package: ifplatform 2017/10/13 v0.4a Testing for the operating system
 (d:/texlive/2021/texmf-dist/tex/generic/pdftexcmds/pdftexcmds.sty
Package: pdftexcmds 2020-06-27 v0.33 Utility functions of pdfTeX for LuaTeX (HO)
 (d:/texlive/2021/texmf-dist/tex/generic/infwarerr/infwarerr.sty
Package: infwarerr 2019/12/03 v1.5 Providing info/warning/error messages (HO)
) (d:/texlive/2021/texmf-dist/tex/generic/iftex/iftex.sty
Package: iftex 2020/03/06 v1.0d TeX engine tests
)
Package pdftexcmds Info: \pdf@primitive is available.
Package pdftexcmds Info: \pdf@ifprimitive is available.
Package pdftexcmds Info: \pdfdraftmode not found.
) (d:/texlive/2021/texmf-dist/tex/generic/catchfile/catchfile.sty
Package: catchfile 2019/12/09 v1.8 Catch the contents of a file (HO)
 (d:/texlive/2021/texmf-dist/tex/generic/etexcmds/etexcmds.sty
Package: etexcmds 2019/12/15 v1.7 Avoid name clashes with e-TeX commands (HO)
)) (d:/texlive/2021/texmf-dist/tex/generic/iftex/ifluatex.sty
Package: ifluatex 2019/10/25 v1.5 ifluatex legacy package. Use iftex instead.
)) (d:/texlive/2021/texmf-dist/tex/generic/xstring/xstring.sty (d:/texlive/2021/texmf-dist/tex/generic/xstring/xstring.tex
\integerpart=\count316
Invalid UTF-8 byte or sequence at line 35 replaced by U+FFFD.
\decimalpart=\count317
Invalid UTF-8 byte or sequence at line 79 replaced by U+FFFD.
Invalid UTF-8 byte or sequence at line 79 replaced by U+FFFD.
Invalid UTF-8 byte or sequence at line 83 replaced by U+FFFD.
Invalid UTF-8 byte or sequence at line 86 replaced by U+FFFD.
Invalid UTF-8 byte or sequence at line 102 replaced by U+FFFD.
Invalid UTF-8 byte or sequence at line 114 replaced by U+FFFD.
Invalid UTF-8 byte or sequence at line 120 replaced by U+FFFD.
Invalid UTF-8 byte or sequence at line 125 replaced by U+FFFD.
Invalid UTF-8 byte or sequence at line 147 replaced by U+FFFD.
Invalid UTF-8 byte or sequence at line 147 replaced by U+FFFD.
Invalid UTF-8 byte or sequence at line 147 replaced by U+FFFD.
Invalid UTF-8 byte or sequence at line 182 replaced by U+FFFD.
Invalid UTF-8 byte or sequence at line 182 replaced by U+FFFD.
Invalid UTF-8 byte or sequence at line 182 replaced by U+FFFD.
Invalid UTF-8 byte or sequence at line 183 replaced by U+FFFD.
Invalid UTF-8 byte or sequence at line 184 replaced by U+FFFD.
Invalid UTF-8 byte or sequence at line 185 replaced by U+FFFD.
Invalid UTF-8 byte or sequence at line 185 replaced by U+FFFD.
Invalid UTF-8 byte or sequence at line 185 replaced by U+FFFD.
Invalid UTF-8 byte or sequence at line 189 replaced by U+FFFD.
Invalid UTF-8 byte or sequence at line 189 replaced by U+FFFD.
Invalid UTF-8 byte or sequence at line 190 replaced by U+FFFD.
Invalid UTF-8 byte or sequence at line 190 replaced by U+FFFD.
Invalid UTF-8 byte or sequence at line 193 replaced by U+FFFD.
Invalid UTF-8 byte or sequence at line 208 replaced by U+FFFD.
Invalid UTF-8 byte or sequence at line 208 replaced by U+FFFD.
Invalid UTF-8 byte or sequence at line 208 replaced by U+FFFD.
Invalid UTF-8 byte or sequence at line 208 replaced by U+FFFD.
Invalid UTF-8 byte or sequence at line 208 replaced by U+FFFD.
Invalid UTF-8 byte or sequence at line 208 replaced by U+FFFD.
Invalid UTF-8 byte or sequence at line 221 replaced by U+FFFD.
Invalid UTF-8 byte or sequence at line 221 replaced by U+FFFD.
Invalid UTF-8 byte or sequence at line 241 replaced by U+FFFD.
Invalid UTF-8 byte or sequence at line 241 replaced by U+FFFD.
Invalid UTF-8 byte or sequence at line 241 replaced by U+FFFD.
Invalid UTF-8 byte or sequence at line 241 replaced by U+FFFD.
Invalid UTF-8 byte or sequence at line 266 replaced by U+FFFD.
Invalid UTF-8 byte or sequence at line 284 replaced by U+FFFD.
Invalid UTF-8 byte or sequence at line 295 replaced by U+FFFD.
Invalid UTF-8 byte or sequence at line 300 replaced by U+FFFD.
Invalid UTF-8 byte or sequence at line 300 replaced by U+FFFD.
Invalid UTF-8 byte or sequence at line 301 replaced by U+FFFD.
Invalid UTF-8 byte or sequence at line 301 replaced by U+FFFD.
Invalid UTF-8 byte or sequence at line 301 replaced by U+FFFD.
Invalid UTF-8 byte or sequence at line 302 replaced by U+FFFD.
Invalid UTF-8 byte or sequence at line 303 replaced by U+FFFD.
Invalid UTF-8 byte or sequence at line 332 replaced by U+FFFD.
Invalid UTF-8 byte or sequence at line 332 replaced by U+FFFD.
Invalid UTF-8 byte or sequence at line 332 replaced by U+FFFD.
Invalid UTF-8 byte or sequence at line 332 replaced by U+FFFD.
Invalid UTF-8 byte or sequence at line 333 replaced by U+FFFD.
Invalid UTF-8 byte or sequence at line 334 replaced by U+FFFD.
Invalid UTF-8 byte or sequence at line 334 replaced by U+FFFD.
Invalid UTF-8 byte or sequence at line 334 replaced by U+FFFD.
Invalid UTF-8 byte or sequence at line 406 replaced by U+FFFD.
Invalid UTF-8 byte or sequence at line 406 replaced by U+FFFD.
Invalid UTF-8 byte or sequence at line 409 replaced by U+FFFD.
Invalid UTF-8 byte or sequence at line 410 replaced by U+FFFD.
Invalid UTF-8 byte or sequence at line 428 replaced by U+FFFD.
Invalid UTF-8 byte or sequence at line 434 replaced by U+FFFD.
Invalid UTF-8 byte or sequence at line 457 replaced by U+FFFD.
Invalid UTF-8 byte or sequence at line 457 replaced by U+FFFD.
Invalid UTF-8 byte or sequence at line 464 replaced by U+FFFD.
Invalid UTF-8 byte or sequence at line 464 replaced by U+FFFD.
Invalid UTF-8 byte or sequence at line 466 replaced by U+FFFD.
Invalid UTF-8 byte or sequence at line 466 replaced by U+FFFD.
Invalid UTF-8 byte or sequence at line 541 replaced by U+FFFD.
Invalid UTF-8 byte or sequence at line 541 replaced by U+FFFD.
Invalid UTF-8 byte or sequence at line 541 replaced by U+FFFD.
Invalid UTF-8 byte or sequence at line 586 replaced by U+FFFD.
Invalid UTF-8 byte or sequence at line 586 replaced by U+FFFD.
Invalid UTF-8 byte or sequence at line 588 replaced by U+FFFD.
Invalid UTF-8 byte or sequence at line 588 replaced by U+FFFD.
Invalid UTF-8 byte or sequence at line 595 replaced by U+FFFD.
Invalid UTF-8 byte or sequence at line 597 replaced by U+FFFD.
Invalid UTF-8 byte or sequence at line 599 replaced by U+FFFD.
Invalid UTF-8 byte or sequence at line 602 replaced by U+FFFD.
Invalid UTF-8 byte or sequence at line 605 replaced by U+FFFD.
Invalid UTF-8 byte or sequence at line 605 replaced by U+FFFD.
Invalid UTF-8 byte or sequence at line 610 replaced by U+FFFD.
Invalid UTF-8 byte or sequence at line 615 replaced by U+FFFD.
Invalid UTF-8 byte or sequence at line 632 replaced by U+FFFD.
Invalid UTF-8 byte or sequence at line 632 replaced by U+FFFD.
Invalid UTF-8 byte or sequence at line 633 replaced by U+FFFD.
Invalid UTF-8 byte or sequence at line 635 replaced by U+FFFD.
Invalid UTF-8 byte or sequence at line 637 replaced by U+FFFD.
Invalid UTF-8 byte or sequence at line 647 replaced by U+FFFD.
Invalid UTF-8 byte or sequence at line 653 replaced by U+FFFD.
Invalid UTF-8 byte or sequence at line 678 replaced by U+FFFD.
Invalid UTF-8 byte or sequence at line 700 replaced by U+FFFD.
Invalid UTF-8 byte or sequence at line 705 replaced by U+FFFD.
Invalid UTF-8 byte or sequence at line 715 replaced by U+FFFD.
Invalid UTF-8 byte or sequence at line 715 replaced by U+FFFD.
Invalid UTF-8 byte or sequence at line 715 replaced by U+FFFD.
Invalid UTF-8 byte or sequence at line 719 replaced by U+FFFD.
Invalid UTF-8 byte or sequence at line 732 replaced by U+FFFD.
Invalid UTF-8 byte or sequence at line 732 replaced by U+FFFD.
Invalid UTF-8 byte or sequence at line 741 replaced by U+FFFD.
Invalid UTF-8 byte or sequence at line 741 replaced by U+FFFD.
Invalid UTF-8 byte or sequence at line 742 replaced by U+FFFD.
Invalid UTF-8 byte or sequence at line 742 replaced by U+FFFD.
Invalid UTF-8 byte or sequence at line 762 replaced by U+FFFD.
Invalid UTF-8 byte or sequence at line 773 replaced by U+FFFD.
Invalid UTF-8 byte or sequence at line 773 replaced by U+FFFD.
Invalid UTF-8 byte or sequence at line 774 replaced by U+FFFD.
Invalid UTF-8 byte or sequence at line 774 replaced by U+FFFD.
Invalid UTF-8 byte or sequence at line 774 replaced by U+FFFD.
Invalid UTF-8 byte or sequence at line 797 replaced by U+FFFD.
Invalid UTF-8 byte or sequence at line 797 replaced by U+FFFD.
Invalid UTF-8 byte or sequence at line 810 replaced by U+FFFD.
Invalid UTF-8 byte or sequence at line 824 replaced by U+FFFD.
Invalid UTF-8 byte or sequence at line 824 replaced by U+FFFD.
Invalid UTF-8 byte or sequence at line 831 replaced by U+FFFD.
Invalid UTF-8 byte or sequence at line 838 replaced by U+FFFD.
Invalid UTF-8 byte or sequence at line 838 replaced by U+FFFD.
Invalid UTF-8 byte or sequence at line 846 replaced by U+FFFD.
Invalid UTF-8 byte or sequence at line 846 replaced by U+FFFD.
Invalid UTF-8 byte or sequence at line 861 replaced by U+FFFD.
Invalid UTF-8 byte or sequence at line 862 replaced by U+FFFD.
Invalid UTF-8 byte or sequence at line 864 replaced by U+FFFD.
Invalid UTF-8 byte or sequence at line 864 replaced by U+FFFD.
Invalid UTF-8 byte or sequence at line 908 replaced by U+FFFD.
Invalid UTF-8 byte or sequence at line 909 replaced by U+FFFD.
Invalid UTF-8 byte or sequence at line 909 replaced by U+FFFD.
Invalid UTF-8 byte or sequence at line 934 replaced by U+FFFD.
Invalid UTF-8 byte or sequence at line 934 replaced by U+FFFD.
Invalid UTF-8 byte or sequence at line 936 replaced by U+FFFD.
Invalid UTF-8 byte or sequence at line 936 replaced by U+FFFD.
Invalid UTF-8 byte or sequence at line 940 replaced by U+FFFD.
Invalid UTF-8 byte or sequence at line 940 replaced by U+FFFD.
Invalid UTF-8 byte or sequence at line 962 replaced by U+FFFD.
Invalid UTF-8 byte or sequence at line 962 replaced by U+FFFD.
Invalid UTF-8 byte or sequence at line 964 replaced by U+FFFD.
Invalid UTF-8 byte or sequence at line 965 replaced by U+FFFD.
Invalid UTF-8 byte or sequence at line 1006 replaced by U+FFFD.
)
Package: xstring 2019/02/06 v1.83 String manipulations (CT)
) (d:/texlive/2021/texmf-dist/tex/latex/framed/framed.sty
Package: framed 2011/10/22 v 0.96: framed or shaded text with page breaks
\OuterFrameSep=\skip66
\fb@frw=\dimen193
\fb@frh=\dimen194
\FrameRule=\dimen195
\FrameSep=\dimen196
) (d:/texlive/2021/texmf-dist/tex/latex/float/float.sty
Package: float 2001/11/08 v1.3d Float enhancements (AL)
\c@float@type=\count318
\float@exts=\toks28
\float@box=\box57
\@float@everytoks=\toks29
\@floatcapt=\box58
)
\minted@appexistsfile=\read3
\minted@bgbox=\box59
\minted@code=\write4
\c@minted@FancyVerbLineTemp=\count319
\c@minted@pygmentizecounter=\count320
\@float@every@listing=\toks30
\c@listing=\count321
) (d:/texlive/2021/texmf-dist/tex/latex/geometry/geometry.sty
Package: geometry 2020/01/02 v5.9 Page Geometry
 (d:/texlive/2021/texmf-dist/tex/generic/iftex/ifvtex.sty
Package: ifvtex 2019/10/25 v1.7 ifvtex legacy package. Use iftex instead.
)
\Gm@cnth=\count322
\Gm@cntv=\count323
\c@Gm@tempcnt=\count324
\Gm@bindingoffset=\dimen197
\Gm@wd@mp=\dimen198
\Gm@odd@mp=\dimen199
\Gm@even@mp=\dimen256
\Gm@layoutwidth=\dimen257
\Gm@layoutheight=\dimen258
\Gm@layouthoffset=\dimen259
\Gm@layoutvoffset=\dimen260
\Gm@dimlist=\toks31
) (d:/texlive/2021/texmf-dist/tex/latex/graphics/graphicx.sty
Package: graphicx 2020/09/09 v1.2b Enhanced LaTeX Graphics (DPC,SPQR)
 (d:/texlive/2021/texmf-dist/tex/latex/graphics/graphics.sty
Package: graphics 2020/08/30 v1.4c Standard LaTeX Graphics (DPC,SPQR)
 (d:/texlive/2021/texmf-dist/tex/latex/graphics/trig.sty
Package: trig 2016/01/03 v1.10 sin cos tan (DPC)
) (d:/texlive/2021/texmf-dist/tex/latex/graphics-cfg/graphics.cfg
File: graphics.cfg 2016/06/04 v1.11 sample graphics configuration
)
Package graphics Info: Driver file: xetex.def on input line 105.
 (d:/texlive/2021/texmf-dist/tex/latex/graphics-def/xetex.def
File: xetex.def 2021/03/18 v5.0k Graphics/color driver for xetex
))
\Gin@req@height=\dimen261
\Gin@req@width=\dimen262
)
\c@theorem=\count325
\c@defination=\count326
\c@corollary=\count327
) (d:/texlive/2021/texmf-dist/tex/latex/xcolor/xcolor.sty
Package: xcolor 2016/05/11 v2.12 LaTeX color extensions (UK)
 (d:/texlive/2021/texmf-dist/tex/latex/graphics-cfg/color.cfg
File: color.cfg 2016/01/02 v1.6 sample color configuration
)
Package xcolor Info: Driver file: xetex.def on input line 225.
Package xcolor Info: Model `cmy' substituted by `cmy0' on input line 1348.
Package xcolor Info: Model `RGB' extended on input line 1364.
Package xcolor Info: Model `HTML' substituted by `rgb' on input line 1366.
Package xcolor Info: Model `Hsb' substituted by `hsb' on input line 1367.
Package xcolor Info: Model `tHsb' substituted by `hsb' on input line 1368.
Package xcolor Info: Model `HSB' substituted by `hsb' on input line 1369.
Package xcolor Info: Model `Gray' substituted by `gray' on input line 1370.
Package xcolor Info: Model `wave' substituted by `hsb' on input line 1371.
)
runsystem(for ^%i in (pygmentize.exe pygmentize.bat pygmentize.cmd) do set > CheatSheet.aex <nul: /p x=^%~$PATH:i>> CheatSheet.aex)...executed.

runsystem(del CheatSheet.aex)...executed.



LaTeX Warning: Unused global option(s):
    [14pt].

(./CheatSheet.aux)
\openout1 = `CheatSheet.aux'.

LaTeX Font Info:    Checking defaults for OML/cmm/m/it on input line 4.
LaTeX Font Info:    ... okay on input line 4.
LaTeX Font Info:    Checking defaults for OMS/cmsy/m/n on input line 4.
LaTeX Font Info:    ... okay on input line 4.
LaTeX Font Info:    Checking defaults for OT1/cmr/m/n on input line 4.
LaTeX Font Info:    ... okay on input line 4.
LaTeX Font Info:    Checking defaults for T1/cmr/m/n on input line 4.
LaTeX Font Info:    ... okay on input line 4.
LaTeX Font Info:    Checking defaults for TS1/cmr/m/n on input line 4.
LaTeX Font Info:    Trying to load font information for TS1+cmr on input line 4.
 (d:/texlive/2021/texmf-dist/tex/latex/base/ts1cmr.fd
File: ts1cmr.fd 2019/12/16 v2.5j Standard LaTeX font definitions
)
LaTeX Font Info:    ... okay on input line 4.
LaTeX Font Info:    Checking defaults for TU/lmr/m/n on input line 4.
LaTeX Font Info:    ... okay on input line 4.
LaTeX Font Info:    Checking defaults for OMX/cmex/m/n on input line 4.
LaTeX Font Info:    ... okay on input line 4.
LaTeX Font Info:    Checking defaults for U/cmr/m/n on input line 4.
LaTeX Font Info:    ... okay on input line 4.

Package fontspec Info: Adjusting the maths setup (use [no-math] to avoid
(fontspec)             this).

\symlegacymaths=\mathgroup4
LaTeX Font Info:    Overwriting symbol font `legacymaths' in version `bold'
(Font)                  OT1/cmr/m/n --> OT1/cmr/bx/n on input line 4.
LaTeX Font Info:    Redeclaring math accent \acute on input line 4.
LaTeX Font Info:    Redeclaring math accent \grave on input line 4.
LaTeX Font Info:    Redeclaring math accent \ddot on input line 4.
LaTeX Font Info:    Redeclaring math accent \tilde on input line 4.
LaTeX Font Info:    Redeclaring math accent \bar on input line 4.
LaTeX Font Info:    Redeclaring math accent \breve on input line 4.
LaTeX Font Info:    Redeclaring math accent \check on input line 4.
LaTeX Font Info:    Redeclaring math accent \hat on input line 4.
LaTeX Font Info:    Redeclaring math accent \dot on input line 4.
LaTeX Font Info:    Redeclaring math accent \mathring on input line 4.
LaTeX Font Info:    Redeclaring math symbol \Gamma on input line 4.
LaTeX Font Info:    Redeclaring math symbol \Delta on input line 4.
LaTeX Font Info:    Redeclaring math symbol \Theta on input line 4.
LaTeX Font Info:    Redeclaring math symbol \Lambda on input line 4.
LaTeX Font Info:    Redeclaring math symbol \Xi on input line 4.
LaTeX Font Info:    Redeclaring math symbol \Pi on input line 4.
LaTeX Font Info:    Redeclaring math symbol \Sigma on input line 4.
LaTeX Font Info:    Redeclaring math symbol \Upsilon on input line 4.
LaTeX Font Info:    Redeclaring math symbol \Phi on input line 4.
LaTeX Font Info:    Redeclaring math symbol \Psi on input line 4.
LaTeX Font Info:    Redeclaring math symbol \Omega on input line 4.
LaTeX Font Info:    Redeclaring math symbol \mathdollar on input line 4.
LaTeX Font Info:    Redeclaring symbol font `operators' on input line 4.
LaTeX Font Info:    Encoding `OT1' has changed to `TU' for symbol font
(Font)              `operators' in the math version `normal' on input line 4.
LaTeX Font Info:    Overwriting symbol font `operators' in version `normal'
(Font)                  OT1/cmr/m/n --> TU/lmr/m/n on input line 4.
LaTeX Font Info:    Encoding `OT1' has changed to `TU' for symbol font
(Font)              `operators' in the math version `bold' on input line 4.
LaTeX Font Info:    Overwriting symbol font `operators' in version `bold'
(Font)                  OT1/cmr/bx/n --> TU/lmr/m/n on input line 4.
LaTeX Font Info:    Overwriting symbol font `operators' in version `normal'
(Font)                  TU/lmr/m/n --> TU/lmr/m/n on input line 4.
LaTeX Font Info:    Overwriting math alphabet `\mathit' in version `normal'
(Font)                  OT1/cmr/m/it --> TU/lmr/m/it on input line 4.
LaTeX Font Info:    Overwriting math alphabet `\mathbf' in version `normal'
(Font)                  OT1/cmr/bx/n --> TU/lmr/b/n on input line 4.
LaTeX Font Info:    Overwriting math alphabet `\mathsf' in version `normal'
(Font)                  OT1/cmss/m/n --> TU/lmss/m/n on input line 4.
LaTeX Font Info:    Overwriting math alphabet `\mathtt' in version `normal'
(Font)                  OT1/cmtt/m/n --> TU/lmtt/m/n on input line 4.
LaTeX Font Info:    Overwriting symbol font `operators' in version `bold'
(Font)                  TU/lmr/m/n --> TU/lmr/b/n on input line 4.
LaTeX Font Info:    Overwriting math alphabet `\mathit' in version `bold'
(Font)                  OT1/cmr/bx/it --> TU/lmr/b/it on input line 4.
LaTeX Font Info:    Overwriting math alphabet `\mathsf' in version `bold'
(Font)                  OT1/cmss/bx/n --> TU/lmss/b/n on input line 4.
LaTeX Font Info:    Overwriting math alphabet `\mathtt' in version `bold'
(Font)                  OT1/cmtt/m/n --> TU/lmtt/b/n on input line 4.

*geometry* driver: auto-detecting
*geometry* detected driver: xetex
*geometry* verbose mode - [ preamble ] result:
* driver: xetex
* paper: a4paper
* layout: <same size as paper>
* layoutoffset:(h,v)=(0.0pt,0.0pt)
* modes: 
* h-part:(L,W,R)=(90.3375pt, 416.83289pt, 90.3375pt)
* v-part:(T,H,B)=(90.3375pt, 664.37186pt, 90.3375pt)
* \paperwidth=597.50787pt
* \paperheight=845.04684pt
* \textwidth=416.83289pt
* \textheight=664.37186pt
* \oddsidemargin=18.0675pt
* \evensidemargin=18.0675pt
* \topmargin=-18.9325pt
* \headheight=12.0pt
* \headsep=25.0pt
* \topskip=10.0pt
* \footskip=30.0pt
* \marginparwidth=57.0pt
* \marginparsep=11.0pt
* \columnsep=10.0pt
* \skip\footins=9.0pt plus 4.0pt minus 2.0pt
* \hoffset=0.0pt
* \voffset=0.0pt
* \mag=1000
* \@twocolumnfalse
* \@twosidefalse
* \@mparswitchfalse
* \@reversemarginfalse
* (1in=72.27pt=25.4mm, 1cm=28.453pt)

File: logo.jpg Graphic file (type bmp)
<logo.jpg>
[1

] (./CheatSheet.toc [2

] [3])
\tf@toc=\write5
\openout5 = `CheatSheet.toc'.

 [4] (./content.tex
runsystem(pygmentize -S default -f latex -P commandprefix=PYG > CheatSheet.out.pyg)...executed.

 (./CheatSheet.out.pyg)
runsystem(pygmentize -S default -f latex -P commandprefix=PYGdefault > CheatSheet.out.pyg)...executed.

 (./CheatSheet.out.pyg)
runsystem(pygmentize -l cpp -f latex -P commandprefix=PYG -F tokenmerge -P mathescape=True -o CheatSheet.out.pyg src/1_书写调试环境/1_常用模板.cpp)...executed.

 (./CheatSheet.out.pyg

Package fontspec Info: Could not resolve font "STKaiti/BI" (it probably
(fontspec)             doesn't exist).


Package fontspec Info: Could not resolve font "STKaiti/B" (it probably doesn't
(fontspec)             exist).


Package fontspec Info: Could not resolve font "STKaiti/I" (it probably doesn't
(fontspec)             exist).


Package fontspec Info: Font family 'STKaiti(0)' created for font 'STKaiti'
(fontspec)             with options [Script={CJK}].
(fontspec)              
(fontspec)              This font family consists of the following NFSS
(fontspec)             series/shapes:
(fontspec)              
(fontspec)             - 'normal' (m/n) with NFSS spec.:
(fontspec)             <->"STKaiti/OT:script=hani;language=dflt;"
(fontspec)             - 'small caps'  (m/sc) with NFSS spec.: 



LaTeX Font Warning: Font shape `TU/STKaiti(0)/m/it' undefined
(Font)              using `TU/STKaiti(0)/m/n' instead on input line 4.

LaTeX Font Info:    Font shape `TU/lmtt/bx/n' in size <10> not available
(Font)              Font shape `TU/lmtt/b/n' tried instead on input line 22.
)
runsystem(pygmentize -l cpp -f latex -P commandprefix=PYG -F tokenmerge -P mathescape=True -o CheatSheet.out.pyg src/1_书写调试环境/2_所有宏和头文件.cpp)...executed.

 (./CheatSheet.out.pyg [1

])
runsystem(pygmentize -l cpp -f latex -P commandprefix=PYG -F tokenmerge -P mathescape=True -o CheatSheet.out.pyg src/1_书写调试环境/3_程序对拍模板/1_对拍脚本.cpp)...executed.

 (./CheatSheet.out.pyg [2])
runsystem(pygmentize -l cpp -f latex -P commandprefix=PYG -F tokenmerge -P mathescape=True -o CheatSheet.out.pyg src/1_书写调试环境/3_程序对拍模板/2_造随机数.cpp)...executed.

 (./CheatSheet.out.pyg) (./src/1_书写调试环境/3_程序对拍模板/3_使用方法.tex) [3]
runsystem(pygmentize -l cpp -f latex -P commandprefix=PYG -F tokenmerge -P mathescape=True -o CheatSheet.out.pyg src/2_STL和fastIO/1_快读/1_整数getchar版.cpp)...executed.

 (./CheatSheet.out.pyg)
runsystem(pygmentize -l cpp -f latex -P commandprefix=PYG -F tokenmerge -P mathescape=True -o CheatSheet.out.pyg src/2_STL和fastIO/1_快读/2_整数fread版.cpp)...executed.

 (./CheatSheet.out.pyg)
runsystem(pygmentize -l cpp -f latex -P commandprefix=PYG -F tokenmerge -P mathescape=True -o CheatSheet.out.pyg src/2_STL和fastIO/1_快读/3_浮点数getchar版.cpp)...executed.

 (./CheatSheet.out.pyg [4]) (./src/2_STL和fastIO/1_快读/4_对比说明.tex)
runsystem(pygmentize -l cpp -f latex -P commandprefix=PYG -F tokenmerge -P mathescape=True -o CheatSheet.out.pyg src/2_STL和fastIO/2_快写/1_整数putchar版.cpp)...executed.

 (./CheatSheet.out.pyg [5])
runsystem(pygmentize -l cpp -f latex -P commandprefix=PYG -F tokenmerge -P mathescape=True -o CheatSheet.out.pyg src/2_STL和fastIO/2_快写/2_整数数组版.cpp)...executed.

 (./CheatSheet.out.pyg)
runsystem(pygmentize -l cpp -f latex -P commandprefix=PYG -F tokenmerge -P mathescape=True -o CheatSheet.out.pyg src/2_STL和fastIO/2_快写/3_浮点数putchar版.cpp)...executed.

 (./CheatSheet.out.pyg [6]) (./src/2_STL和fastIO/2_快写/4_对比说明.tex)
runsystem(pygmentize -l cpp -f latex -P commandprefix=PYG -F tokenmerge -P mathescape=True -o CheatSheet.out.pyg src/2_STL和fastIO/3_容器/1_vector.cpp)...executed.

 (./CheatSheet.out.pyg)
runsystem(pygmentize -l cpp -f latex -P commandprefix=PYG -F tokenmerge -P mathescape=True -o CheatSheet.out.pyg src/2_STL和fastIO/3_容器/2_queue.cpp)...executed.

 (./CheatSheet.out.pyg)
runsystem(pygmentize -l cpp -f latex -P commandprefix=PYG -F tokenmerge -P mathescape=True -o CheatSheet.out.pyg src/2_STL和fastIO/3_容器/3_set.cpp)...executed.

 (./CheatSheet.out.pyg)
runsystem(pygmentize -l cpp -f latex -P commandprefix=PYG -F tokenmerge -P mathescape=True -o CheatSheet.out.pyg src/2_STL和fastIO/3_容器/4_map.cpp)...executed.

 (./CheatSheet.out.pyg)
runsystem(pygmentize -l cpp -f latex -P commandprefix=PYG -F tokenmerge -P mathescape=True -o CheatSheet.out.pyg src/2_STL和fastIO/3_容器/5_bitset.cpp)...executed.

 (./CheatSheet.out.pyg)
runsystem(pygmentize -l cpp -f latex -P commandprefix=PYG -F tokenmerge -P mathescape=True -o CheatSheet.out.pyg src/2_STL和fastIO/3_容器/6_stack.cpp)...executed.

 (./CheatSheet.out.pyg)
runsystem(pygmentize -l cpp -f latex -P commandprefix=PYG -F tokenmerge -P mathescape=True -o CheatSheet.out.pyg src/3_数学/1_素数/1_埃氏筛.cpp)...executed.

 (./CheatSheet.out.pyg [7])
runsystem(pygmentize -l cpp -f latex -P commandprefix=PYG -F tokenmerge -P mathescape=True -o CheatSheet.out.pyg src/3_数学/1_素数/2_欧拉筛.cpp)...executed.

 (./CheatSheet.out.pyg)
runsystem(pygmentize -l cpp -f latex -P commandprefix=PYG -F tokenmerge -P mathescape=True -o CheatSheet.out.pyg src/3_数学/1_素数/3_随机素数判定.cpp)...executed.

 (./CheatSheet.out.pyg [8])
runsystem(pygmentize -l cpp -f latex -P commandprefix=PYG -F tokenmerge -P mathescape=True -o CheatSheet.out.pyg src/3_数学/1_素数/4_分解质因数.cpp)...executed.

 (./CheatSheet.out.pyg)
runsystem(pygmentize -l cpp -f latex -P commandprefix=PYG -F tokenmerge -P mathescape=True -o CheatSheet.out.pyg src/3_数学/2_欧拉函数/1_求一个数的欧拉函数.cpp)...executed.

 (./CheatSheet.out.pyg)
runsystem(pygmentize -l cpp -f latex -P commandprefix=PYG -F tokenmerge -P mathescape=True -o CheatSheet.out.pyg src/3_数学/2_欧拉函数/2_筛法求欧拉函数.cpp)...executed.

 (./CheatSheet.out.pyg [9])
runsystem(pygmentize -l cpp -f latex -P commandprefix=PYG -F tokenmerge -P mathescape=True -o CheatSheet.out.pyg src/3_数学/3_扩展欧几里得-乘法逆元/1_扩展欧几里得.cpp)...executed.

 (./CheatSheet.out.pyg)
runsystem(pygmentize -l cpp -f latex -P commandprefix=PYG -F tokenmerge -P mathescape=True -o CheatSheet.out.pyg src/3_数学/3_扩展欧几里得-乘法逆元/2_求ax+by=c的解.cpp)...executed.

 (./CheatSheet.out.pyg)
runsystem(pygmentize -l cpp -f latex -P commandprefix=PYG -F tokenmerge -P mathescape=True -o CheatSheet.out.pyg src/3_数学/3_扩展欧几里得-乘法逆元/3_乘法逆元.cpp)...executed.

 (./CheatSheet.out.pyg)
runsystem(pygmentize -l cpp -f latex -P commandprefix=PYG -F tokenmerge -P mathescape=True -o CheatSheet.out.pyg src/3_数学/4_模线性方程组/1_中国剩余定理.cpp)...executed.

 (./CheatSheet.out.pyg [10])
runsystem(pygmentize -l cpp -f latex -P commandprefix=PYG -F tokenmerge -P mathescape=True -o CheatSheet.out.pyg src/3_数学/4_模线性方程组/2_一般模线性方程组.cpp)...executed.

 (./CheatSheet.out.pyg)
runsystem(pygmentize -l cpp -f latex -P commandprefix=PYG -F tokenmerge -P mathescape=True -o CheatSheet.out.pyg src/3_数学/5_组合数学/1_一般组合数.cpp)...executed.

 (./CheatSheet.out.pyg)
runsystem(pygmentize -l cpp -f latex -P commandprefix=PYG -F tokenmerge -P mathescape=True -o CheatSheet.out.pyg src/3_数学/5_组合数学/2_Lucas定理.cpp)...executed.

 (./CheatSheet.out.pyg [11])
runsystem(pygmentize -l cpp -f latex -P commandprefix=PYG -F tokenmerge -P mathescape=True -o CheatSheet.out.pyg src/3_数学/5_组合数学/3_大组合数.cpp)...executed.

 (./CheatSheet.out.pyg)
runsystem(pygmentize -l cpp -f latex -P commandprefix=PYG -F tokenmerge -P mathescape=True -o CheatSheet.out.pyg src/3_数学/5_组合数学/4_Polya定理.cpp)...executed.

 (./CheatSheet.out.pyg [12])
runsystem(pygmentize -l cpp -f latex -P commandprefix=PYG -F tokenmerge -P mathescape=True -o CheatSheet.out.pyg src/3_数学/6_快速乘+快速幂.cpp)...executed.

 (./CheatSheet.out.pyg)
runsystem(pygmentize -l cpp -f latex -P commandprefix=PYG -F tokenmerge -P mathescape=True -o CheatSheet.out.pyg src/3_数学/7_莫比乌斯反演/1_莫比乌斯.cpp)...executed.

 (./CheatSheet.out.pyg [13])
runsystem(pygmentize -l cpp -f latex -P commandprefix=PYG -F tokenmerge -P mathescape=True -o CheatSheet.out.pyg src/3_数学/7_莫比乌斯反演/2_n个数中互质数对数.cpp)...executed.

 (./CheatSheet.out.pyg [14])
runsystem(pygmentize -l cpp -f latex -P commandprefix=PYG -F tokenmerge -P mathescape=True -o CheatSheet.out.pyg src/3_数学/7_莫比乌斯反演/3_VisibleTrees.cpp)...executed.

 (./CheatSheet.out.pyg)
runsystem(pygmentize -l cpp -f latex -P commandprefix=PYG -F tokenmerge -P mathescape=True -o CheatSheet.out.pyg src/3_数学/8_其他/1_Josephus问题.cpp)...executed.

 (./CheatSheet.out.pyg)
runsystem(pygmentize -l cpp -f latex -P commandprefix=PYG -F tokenmerge -P mathescape=True -o CheatSheet.out.pyg src/3_数学/8_其他/2_数位问题.cpp)...executed.

 (./CheatSheet.out.pyg) (./src/3_数学/9_相关公式.tex [15])
runsystem(pygmentize -l cpp -f latex -P commandprefix=PYG -F tokenmerge -P mathescape=True -o CheatSheet.out.pyg src/4_数据结构/1_树状数组.cpp)...executed.

 (./CheatSheet.out.pyg [16])
runsystem(pygmentize -l cpp -f latex -P commandprefix=PYG -F tokenmerge -P mathescape=True -o CheatSheet.out.pyg src/4_数据结构/2_线段树/1_声明.cpp)...executed.

 (./CheatSheet.out.pyg)
runsystem(pygmentize -l cpp -f latex -P commandprefix=PYG -F tokenmerge -P mathescape=True -o CheatSheet.out.pyg src/4_数据结构/2_线段树/2_单点更新-区间查询.cpp)...executed.

 (./CheatSheet.out.pyg [17])
runsystem(pygmentize -l cpp -f latex -P commandprefix=PYG -F tokenmerge -P mathescape=True -o CheatSheet.out.pyg src/4_数据结构/2_线段树/3_区间更新-区间查询.cpp)...executed.

 (./CheatSheet.out.pyg)
runsystem(pygmentize -l cpp -f latex -P commandprefix=PYG -F tokenmerge -P mathescape=True -o CheatSheet.out.pyg src/4_数据结构/3_字典树.cpp)...executed.

 (./CheatSheet.out.pyg [18] [19])
runsystem(pygmentize -l cpp -f latex -P commandprefix=PYG -F tokenmerge -P mathescape=True -o CheatSheet.out.pyg src/4_数据结构/4_RMQ.cpp)...executed.

 (./CheatSheet.out.pyg)
runsystem(pygmentize -l cpp -f latex -P commandprefix=PYG -F tokenmerge -P mathescape=True -o CheatSheet.out.pyg src/5_图论/1_并查集.cpp)...executed.

 (./CheatSheet.out.pyg [20])
runsystem(pygmentize -l cpp -f latex -P commandprefix=PYG -F tokenmerge -P mathescape=True -o CheatSheet.out.pyg src/5_图论/2_最小生成树/1_Kruskal.cpp)...executed.

 (./CheatSheet.out.pyg)
runsystem(pygmentize -l cpp -f latex -P commandprefix=PYG -F tokenmerge -P mathescape=True -o CheatSheet.out.pyg src/5_图论/2_最小生成树/2_Prim.cpp)...executed.

 (./CheatSheet.out.pyg [21])
runsystem(pygmentize -l cpp -f latex -P commandprefix=PYG -F tokenmerge -P mathescape=True -o CheatSheet.out.pyg src/5_图论/3_最短路/1_Dijkstra-邻接矩阵.cpp)...executed.

 (./CheatSheet.out.pyg)
runsystem(pygmentize -l cpp -f latex -P commandprefix=PYG -F tokenmerge -P mathescape=True -o CheatSheet.out.pyg src/5_图论/3_最短路/2_Dijkstra-邻接表数组.cpp)...executed.

 (./CheatSheet.out.pyg [22])
runsystem(pygmentize -l cpp -f latex -P commandprefix=PYG -F tokenmerge -P mathescape=True -o CheatSheet.out.pyg src/5_图论/3_最短路/3_Dijkstra-邻接表向量.cpp)...executed.

 (./CheatSheet.out.pyg [23])
runsystem(pygmentize -l cpp -f latex -P commandprefix=PYG -F tokenmerge -P mathescape=True -o CheatSheet.out.pyg src/5_图论/3_最短路/4_Dijkstra-优先队列.cpp)...executed.

 (./CheatSheet.out.pyg [24])
runsystem(pygmentize -l cpp -f latex -P commandprefix=PYG -F tokenmerge -P mathescape=True -o CheatSheet.out.pyg src/5_图论/3_最短路/5_Bellman-Ford(可判负环).cpp)...executed.

 (./CheatSheet.out.pyg)
runsystem(pygmentize -l cpp -f latex -P commandprefix=PYG -F tokenmerge -P mathescape=True -o CheatSheet.out.pyg src/5_图论/3_最短路/6_SPFA.cpp)...executed.

 (./CheatSheet.out.pyg [25])
runsystem(pygmentize -l cpp -f latex -P commandprefix=PYG -F tokenmerge -P mathescape=True -o CheatSheet.out.pyg src/5_图论/3_最短路/7_Floyd算法.cpp)...executed.

 (./CheatSheet.out.pyg [26])
runsystem(pygmentize -l cpp -f latex -P commandprefix=PYG -F tokenmerge -P mathescape=True -o CheatSheet.out.pyg src/5_图论/4_拓扑排序/1_邻接矩阵.cpp)...executed.

 (./CheatSheet.out.pyg)
runsystem(pygmentize -l cpp -f latex -P commandprefix=PYG -F tokenmerge -P mathescape=True -o CheatSheet.out.pyg src/5_图论/4_拓扑排序/2_邻接表.cpp)...executed.

 (./CheatSheet.out.pyg [27]) (./src/5_图论/5_欧拉回路/1_判定.tex)
runsystem(pygmentize -l cpp -f latex -P commandprefix=PYG -F tokenmerge -P mathescape=True -o CheatSheet.out.pyg src/5_图论/5_欧拉回路/2_求解.cpp)...executed.

 (./CheatSheet.out.pyg [28])
runsystem(pygmentize -l cpp -f latex -P commandprefix=PYG -F tokenmerge -P mathescape=True -o CheatSheet.out.pyg src/6_计算几何/1_定义.cpp)...executed.

 (./CheatSheet.out.pyg [29])
runsystem(pygmentize -l cpp -f latex -P commandprefix=PYG -F tokenmerge -P mathescape=True -o CheatSheet.out.pyg src/6_计算几何/2_位置关系/1_两点间距离.cpp)...executed.

 (./CheatSheet.out.pyg [30])
runsystem(pygmentize -l cpp -f latex -P commandprefix=PYG -F tokenmerge -P mathescape=True -o CheatSheet.out.pyg src/6_计算几何/2_位置关系/2_直线与直线的交点.cpp)...executed.

 (./CheatSheet.out.pyg)
runsystem(pygmentize -l cpp -f latex -P commandprefix=PYG -F tokenmerge -P mathescape=True -o CheatSheet.out.pyg src/6_计算几何/2_位置关系/3_判断线段与线段相交.cpp)...executed.

 (./CheatSheet.out.pyg)
runsystem(pygmentize -l cpp -f latex -P commandprefix=PYG -F tokenmerge -P mathescape=True -o CheatSheet.out.pyg src/6_计算几何/2_位置关系/4_判断线段与直线相交.cpp)...executed.

 (./CheatSheet.out.pyg)
runsystem(pygmentize -l cpp -f latex -P commandprefix=PYG -F tokenmerge -P mathescape=True -o CheatSheet.out.pyg src/6_计算几何/2_位置关系/5_点到直线距离.cpp)...executed.

 (./CheatSheet.out.pyg)
runsystem(pygmentize -l cpp -f latex -P commandprefix=PYG -F tokenmerge -P mathescape=True -o CheatSheet.out.pyg src/6_计算几何/2_位置关系/6_点到线段距离.cpp)...executed.

 (./CheatSheet.out.pyg [31])
runsystem(pygmentize -l cpp -f latex -P commandprefix=PYG -F tokenmerge -P mathescape=True -o CheatSheet.out.pyg src/6_计算几何/2_位置关系/7_点在线段上.cpp)...executed.

 (./CheatSheet.out.pyg)
runsystem(pygmentize -l cpp -f latex -P commandprefix=PYG -F tokenmerge -P mathescape=True -o CheatSheet.out.pyg src/6_计算几何/3_多边形/1_多边形面积.cpp)...executed.

 (./CheatSheet.out.pyg)
runsystem(pygmentize -l cpp -f latex -P commandprefix=PYG -F tokenmerge -P mathescape=True -o CheatSheet.out.pyg src/6_计算几何/3_多边形/2_点在凸多边形内.cpp)...executed.

 (./CheatSheet.out.pyg)
runsystem(pygmentize -l cpp -f latex -P commandprefix=PYG -F tokenmerge -P mathescape=True -o CheatSheet.out.pyg src/6_计算几何/3_多边形/3_点在任意多边形内.cpp)...executed.

 (./CheatSheet.out.pyg [32])
runsystem(pygmentize -l cpp -f latex -P commandprefix=PYG -F tokenmerge -P mathescape=True -o CheatSheet.out.pyg src/6_计算几何/3_多边形/4_判断凸多边形.cpp)...executed.

 (./CheatSheet.out.pyg)
runsystem(pygmentize -l cpp -f latex -P commandprefix=PYG -F tokenmerge -P mathescape=True -o CheatSheet.out.pyg src/6_计算几何/3_多边形/5_小结.cpp)...executed.

 (./CheatSheet.out.pyg [33]
Overfull \hbox (160.66711pt too wide) in paragraph at lines 55--55
[]\TU/lmtt/m/n/10 (zero(xmult(q,p[i],p[(i[]+[][]1[])[]%[]n]))[]&&[](p[i].x[]-[]q.x)[]*[](p[(i[]+[][]1[])[]%[]n].x[]-[]q.x)[]<[]eps[]&&[](p[i].y[]-[]q.y)[]*[](p[(i[]+[][]1[])[]%[]n].y[]-[]q.y)[]<[]eps)|  
 []


Overfull \hbox (144.91711pt too wide) in paragraph at lines 59--59
[]\TU/lmtt/m/n/10 (xmult(q,p[i],q2)[]*[]xmult(q,p[(i[]+[][]1[])[]%[]n],q2)[]<-[]eps[]&&[]xmult(p[i],q,p[(i[]+[][]1[])[]%[]n])[]*[]xmult(p[i],q2,p[(i[]+[][]1[])[]%[]n])[]<-[]eps)|  
 []

[34]
Overfull \hbox (3.16711pt too wide) in paragraph at lines 79--79
[]\TU/lmtt/m/n/10 (opposite_side(l1,l2,p[i],p[(i[]+[][]1[])[]%[]n])[]&&[]opposite_side(p[i],p[(i[]+[][]1[])[]%[]n],l1,l2))|  
 []

[35])
runsystem(pygmentize -l cpp -f latex -P commandprefix=PYG -F tokenmerge -P mathescape=True -o CheatSheet.out.pyg src/6_计算几何/4_整数点问题/1_线段上整点个数.cpp)...executed.

 (./CheatSheet.out.pyg)
runsystem(pygmentize -l cpp -f latex -P commandprefix=PYG -F tokenmerge -P mathescape=True -o CheatSheet.out.pyg src/6_计算几何/4_整数点问题/2_多边形边上整点个数.cpp)...executed.

 (./CheatSheet.out.pyg)
runsystem(pygmentize -l cpp -f latex -P commandprefix=PYG -F tokenmerge -P mathescape=True -o CheatSheet.out.pyg src/6_计算几何/4_整数点问题/3_多边形内整点个数.cpp)...executed.

 (./CheatSheet.out.pyg)
runsystem(pygmentize -l cpp -f latex -P commandprefix=PYG -F tokenmerge -P mathescape=True -o CheatSheet.out.pyg src/6_计算几何/5_圆/1_过三点求圆心.cpp)...executed.

 (./CheatSheet.out.pyg)
runsystem(pygmentize -l cpp -f latex -P commandprefix=PYG -F tokenmerge -P mathescape=True -o CheatSheet.out.pyg src/6_计算几何/6_经典题/1_平面最近点对.cpp)...executed.

 (./CheatSheet.out.pyg [36])
runsystem(pygmentize -l cpp -f latex -P commandprefix=PYG -F tokenmerge -P mathescape=True -o CheatSheet.out.pyg src/7_字符串/1_KMP.cpp)...executed.

 (./CheatSheet.out.pyg [37])
runsystem(pygmentize -l cpp -f latex -P commandprefix=PYG -F tokenmerge -P mathescape=True -o CheatSheet.out.pyg src/7_字符串/2_Manacher最长回文子串.cpp)...executed.

 (./CheatSheet.out.pyg)
runsystem(pygmentize -l cpp -f latex -P commandprefix=PYG -F tokenmerge -P mathescape=True -o CheatSheet.out.pyg src/7_字符串/3_AC自动机.cpp)...executed.

 (./CheatSheet.out.pyg [38] [39])
runsystem(pygmentize -l cpp -f latex -P commandprefix=PYG -F tokenmerge -P mathescape=True -o CheatSheet.out.pyg src/8_动态规划/1_子序列/1_最大子序列和.cpp)...executed.

 (./CheatSheet.out.pyg)
runsystem(pygmentize -l cpp -f latex -P commandprefix=PYG -F tokenmerge -P mathescape=True -o CheatSheet.out.pyg src/8_动态规划/1_子序列/2_最长上升子序列LIS.cpp)...executed.

 (./CheatSheet.out.pyg [40])
runsystem(pygmentize -l cpp -f latex -P commandprefix=PYG -F tokenmerge -P mathescape=True -o CheatSheet.out.pyg src/8_动态规划/1_子序列/3_最长公共上升子序列LCIS.cpp)...executed.

 (./CheatSheet.out.pyg)
runsystem(pygmentize -l cpp -f latex -P commandprefix=PYG -F tokenmerge -P mathescape=True -o CheatSheet.out.pyg src/9_附录/1_读入挂.cpp)...executed.

 (./CheatSheet.out.pyg [41] [42] [43] [44] [45] [46] [47])) [48] (./CheatSheet.aux)

LaTeX Font Warning: Some font shapes were not available, defaults substituted.

runsystem(del CheatSheet.out.pyg)...executed.

 ) 
Here is how much of TeX's memory you used:
 10535 strings out of 478866
 252867 string characters out of 5865579
 684735 words of memory out of 5000000
 30045 multiletter control sequences out of 15000+600000
 404164 words of font info for 64 fonts, out of 8000000 for 9000
 36 hyphenation exceptions out of 8191
 100i,12n,102p,1147b,504s stack positions out of 5000i,500n,10000p,200000b,80000s

Output written on CheatSheet.pdf (52 pages).
